Arguments: 
  C:\Program Files\nodejs\node.exe C:\Program Files (x86)\Yarn\bin\yarn.js start

PATH: 
  C:\Program Files\Common Files\Oracle\Java\javapath;C:\Windows\system32;C:\Windows;C:\Windows\System32\Wbem;C:\Windows\System32\WindowsPowerShell\v1.0\;C:\Program Files (x86)\Git\cmd;C:\Program Files\MongoDB\Server\4.2\bin;C:\Program Files\nodejs\;C:\Program Files\TortoiseGit\bin;C:\Program Files (x86)\Yarn\bin\;%JAVA_HOME%\bin;C:\Program Files\MongoDB\Server\4.2\bin;C:\Users\user\AppData\Local\Programs\Microsoft VS Code\bin;C:\Users\user\AppData\Roaming\npm;C:\Program Files\heroku\bin;C:\Users\user\AppData\Local\Yarn\bin;C:\apache-maven-3.6.3\bin;

Yarn version: 
  1.22.4

Node version: 
  12.16.3

Platform: 
  win32 x64

Trace: 
  SyntaxError: C:\Users\user\Desktop\Projects Since I got back home\Mail Server\package.json: Unexpected end of JSON input
      at JSON.parse (<anonymous>)
      at C:\Program Files (x86)\Yarn\lib\cli.js:1625:59
      at Generator.next (<anonymous>)
      at step (C:\Program Files (x86)\Yarn\lib\cli.js:310:30)
      at C:\Program Files (x86)\Yarn\lib\cli.js:321:13

npm manifest: 
  

yarn manifest: 
  No manifest

Lockfile: 
  No lockfile
